<?xml version="1.0" encoding="UTF-8"?>
<testng-results ignored="0" total="1" passed="1" failed="0" skipped="0">
  <reporter-output>
  </reporter-output>
  <suite started-at="2021-08-13T07:12:39 IST" name="Default suite" finished-at="2021-08-13T07:12:47 IST" duration-ms="8079">
    <groups>
    </groups>
    <test started-at="2021-08-13T07:12:39 IST" name="Default test" finished-at="2021-08-13T07:12:47 IST" duration-ms="8079">
      <class name="com.shaadi.qa.testcases.HomePageTest">
        <test-method is-config="true" signature="setup()[pri:0, instance:com.shaadi.qa.testcases.HomePageTest@3a6bb9bf]" started-at="2021-08-13T07:12:39 IST" name="setup" finished-at="2021-08-13T07:12:45 IST" duration-ms="6498" status="PASS">
          <reporter-output>
          </reporter-output>
        </test-method> <!-- setup -->
        <test-method signature="SetUpAccounttest()[pri:0, instance:com.shaadi.qa.testcases.HomePageTest@3a6bb9bf]" started-at="2021-08-13T07:12:45 IST" name="SetUpAccounttest" finished-at="2021-08-13T07:12:46 IST" duration-ms="883" status="PASS">
          <reporter-output>
          </reporter-output>
        </test-method> <!-- SetUpAccounttest -->
        <test-method is-config="true" signature="tearDown()[pri:0, instance:com.shaadi.qa.testcases.HomePageTest@3a6bb9bf]" started-at="2021-08-13T07:12:46 IST" name="tearDown" finished-at="2021-08-13T07:12:47 IST" duration-ms="656" status="PASS">
          <reporter-output>
          </reporter-output>
        </test-method> <!-- tearDown -->
      </class> <!-- com.shaadi.qa.testcases.HomePageTest -->
    </test> <!-- Default test -->
  </suite> <!-- Default suite -->
</testng-results>
